[lun feb 17 22:19:17 PET 2020] Start

running file 601

running file 602

running file 603

running file 604

running file 605

running file 606

running file 607

running file 608

running file 609

running file 610

running file 611

running file 612

running file 613

running file 614

running file 615

running file 616

running file 617

running file 618

running file 619

running file 620

running file 621

running file 622

running file 623

running file 624

running file 625

running file 626

running file 627

running file 628

running file 629

running file 630

running file 631

running file 632

running file 633

running file 634

running file 635

running file 636

running file 637

running file 638

running file 639

running file 640

running file 641

running file 642

running file 643

running file 644

running file 645

running file 646

running file 647

running file 648

running file 649

running file 650

running file 651

running file 652

running file 653

running file 654

running file 655

running file 656

running file 657

running file 658

running file 659

running file 660

running file 661

running file 662

running file 663

running file 664

running file 665

running file 666

running file 667

running file 668

running file 669

running file 670

running file 671

running file 672

running file 673

running file 674

running file 675

running file 676

running file 677

running file 678

running file 679

running file 680

running file 681

running file 682

running file 683

running file 684

running file 685

running file 686

running file 687

running file 688

running file 689

running file 690

running file 691

running file 692

running file 693

running file 694

running file 695

running file 696

running file 697

running file 698

running file 699

running file 700

running file 701

running file 702

running file 703

running file 704

running file 705

running file 706

running file 707

running file 708

running file 709

running file 710

running file 711

running file 712

running file 713

running file 714

running file 715

running file 716

running file 717

running file 718

running file 719

running file 720

running file 721

running file 722

running file 723

running file 724

running file 725

running file 726

running file 727

running file 728

running file 729

running file 730

running file 731

running file 732

running file 733

running file 734

running file 735

running file 736

running file 737

running file 738

running file 739

running file 740

running file 741

running file 742

running file 743

running file 744

running file 745

running file 746

running file 747

running file 748

running file 749

running file 750

running file 751

running file 752

running file 753

running file 754

running file 755

running file 756

running file 757

running file 758

running file 759

running file 760

running file 761

running file 762

running file 763

running file 764

running file 765

running file 766

running file 767

running file 768

running file 769

running file 770

running file 771

running file 772

running file 773

running file 774

running file 775

running file 776

running file 777

running file 778

running file 779

running file 780

running file 781

running file 782

running file 783

running file 784

running file 785

running file 786

running file 787

running file 788

running file 789

running file 790

running file 791

running file 792

running file 793

running file 794

running file 795

running file 796

running file 797

running file 798

running file 799

running file 800

running file 801

running file 802

running file 803

running file 804

running file 805

running file 806

running file 807

running file 808

running file 809

running file 810

running file 811

running file 812

running file 813

running file 814

running file 815

running file 816

running file 817

running file 818

running file 819

running file 820

running file 821

running file 822

running file 823

running file 824

running file 825

running file 826

running file 827

running file 828

running file 829

running file 830

running file 831

running file 832

running file 833

running file 834

running file 835

running file 836

running file 837

running file 838

running file 839

running file 840

running file 841

running file 842

running file 843

running file 844

running file 845

running file 846

running file 847

running file 848

running file 849

running file 850

running file 851

running file 852

running file 853

running file 854

running file 855

running file 856

running file 857

running file 858

running file 859

running file 860

running file 861

running file 862

running file 863

running file 864

running file 865

running file 866

running file 867

running file 868

running file 869

running file 870

running file 871

running file 872

running file 873

running file 874

running file 875

running file 876

running file 877

running file 878

running file 879

running file 880

running file 881

running file 882

running file 883

running file 884

running file 885

running file 886

running file 887

running file 888

running file 889

running file 890

running file 891

running file 892

running file 893

running file 894

running file 895

running file 896

running file 897

running file 898

running file 899

running file 900
[lun feb 17 22:22:23 PET 2020] End
elapsed time: 186
all done
