[sáb feb 15 12:22:27 PET 2020] Start

running file 251

running file 252

running file 253

running file 254

running file 255

running file 256

running file 257

running file 258

running file 259

running file 260

running file 261

running file 262

running file 263

running file 264

running file 265

running file 266

running file 267

running file 268

running file 269

running file 270

running file 271

running file 272

running file 273

running file 274

running file 275

running file 276

running file 277

running file 278

running file 279

running file 280

running file 281

running file 282

running file 283

running file 284

running file 285

running file 286

running file 287

running file 288

running file 289

running file 290

running file 291

running file 292

running file 293

running file 294

running file 295

running file 296

running file 297

running file 298

running file 299

running file 300

running file 301

running file 302

running file 303

running file 304

running file 305

running file 306

running file 307

running file 308

running file 309

running file 310

running file 311

running file 312

running file 313

running file 314

running file 315

running file 316

running file 317

running file 318

running file 319

running file 320

running file 321

running file 322

running file 323

running file 324

running file 325

running file 326

running file 327

running file 328

running file 329

running file 330

running file 331

running file 332

running file 333

running file 334

running file 335

running file 336

running file 337

running file 338

running file 339

running file 340

running file 341

running file 342

running file 343

running file 344

running file 345

running file 346

running file 347

running file 348

running file 349

running file 350

running file 351

running file 352

running file 353

running file 354

running file 355

running file 356

running file 357

running file 358

running file 359

running file 360

running file 361

running file 362

running file 363

running file 364

running file 365

running file 366

running file 367

running file 368

running file 369

running file 370

running file 371

running file 372

running file 373

running file 374

running file 375

running file 376

running file 377

running file 378

running file 379

running file 380

running file 381

running file 382

running file 383

running file 384

running file 385

running file 386

running file 387

running file 388

running file 389

running file 390

running file 391

running file 392

running file 393

running file 394

running file 395

running file 396

running file 397

running file 398

running file 399

running file 400

running file 401

running file 402

running file 403

running file 404

running file 405

running file 406

running file 407

running file 408

running file 409

running file 410

running file 411

running file 412

running file 413

running file 414

running file 415

running file 416

running file 417

running file 418

running file 419

running file 420

running file 421

running file 422

running file 423

running file 424

running file 425

running file 426

running file 427

running file 428

running file 429

running file 430

running file 431

running file 432

running file 433

running file 434

running file 435

running file 436

running file 437

running file 438

running file 439

running file 440

running file 441

running file 442

running file 443

running file 444

running file 445

running file 446

running file 447

running file 448

running file 449

running file 450

running file 451

running file 452

running file 453

running file 454

running file 455

running file 456

running file 457

running file 458

running file 459

running file 460

running file 461

running file 462

running file 463

running file 464

running file 465

running file 466

running file 467

running file 468

running file 469

running file 470

running file 471

running file 472

running file 473

running file 474

running file 475

running file 476

running file 477

running file 478

running file 479

running file 480

running file 481

running file 482

running file 483

running file 484

running file 485

running file 486

running file 487

running file 488

running file 489

running file 490

running file 491

running file 492

running file 493

running file 494

running file 495

running file 496

running file 497

running file 498

running file 499

running file 500
[sáb feb 15 12:23:28 PET 2020] End
elapsed time: 61
all done
