[vie feb 14 01:02:23 PET 2020] Start

running file 651

running file 652

running file 653

running file 654

running file 655

running file 656

running file 657

running file 658

running file 659

running file 660

running file 661

running file 662

running file 663

running file 664

running file 665

running file 666

running file 667

running file 668

running file 669

running file 670

running file 671

running file 672

running file 673

running file 674

running file 675

running file 676

running file 677

running file 678

running file 679

running file 680

running file 681

running file 682

running file 683

running file 684

running file 685

running file 686

running file 687

running file 688

running file 689

running file 690

running file 691

running file 692

running file 693

running file 694

running file 695

running file 696

running file 697

running file 698

running file 699

running file 700

running file 701

running file 702

running file 703

running file 704

running file 705

running file 706

running file 707

running file 708

running file 709

running file 710

running file 711

running file 712

running file 713

running file 714

running file 715

running file 716

running file 717

running file 718

running file 719

running file 720

running file 721

running file 722

running file 723

running file 724

running file 725

running file 726

running file 727

running file 728

running file 729

running file 730

running file 731

running file 732

running file 733

running file 734

running file 735

running file 736

running file 737

running file 738

running file 739

running file 740

running file 741

running file 742

running file 743

running file 744

running file 745

running file 746

running file 747

running file 748

running file 749

running file 750

running file 751

running file 752

running file 753

running file 754

running file 755

running file 756

running file 757

running file 758

running file 759

running file 760

running file 761

running file 762

running file 763

running file 764

running file 765

running file 766

running file 767

running file 768

running file 769

running file 770

running file 771

running file 772

running file 773

running file 774

running file 775

running file 776

running file 777

running file 778

running file 779

running file 780

running file 781

running file 782

running file 783

running file 784

running file 785

running file 786

running file 787

running file 788

running file 789

running file 790

running file 791

running file 792

running file 793

running file 794

running file 795

running file 796

running file 797

running file 798

running file 799

running file 800

running file 801

running file 802

running file 803

running file 804

running file 805

running file 806

running file 807

running file 808

running file 809

running file 810

running file 811

running file 812

running file 813

running file 814

running file 815

running file 816

running file 817

running file 818

running file 819

running file 820

running file 821

running file 822

running file 823

running file 824

running file 825

running file 826

running file 827

running file 828

running file 829

running file 830

running file 831

running file 832

running file 833

running file 834

running file 835

running file 836

running file 837

running file 838

running file 839

running file 840

running file 841

running file 842

running file 843

running file 844

running file 845

running file 846

running file 847

running file 848

running file 849

running file 850

running file 851

running file 852

running file 853

running file 854

running file 855

running file 856

running file 857

running file 858

running file 859

running file 860

running file 861

running file 862

running file 863

running file 864

running file 865

running file 866

running file 867

running file 868

running file 869

running file 870

running file 871

running file 872

running file 873

running file 874

running file 875

running file 876

running file 877

running file 878

running file 879

running file 880

running file 881

running file 882

running file 883

running file 884

running file 885

running file 886

running file 887

running file 888

running file 889

running file 890

running file 891

running file 892

running file 893

running file 894

running file 895

running file 896

running file 897

running file 898

running file 899

running file 900

running file 901

running file 902

running file 903

running file 904

running file 905

running file 906

running file 907

running file 908

running file 909

running file 910

running file 911

running file 912

running file 913

running file 914

running file 915

running file 916

running file 917

running file 918

running file 919

running file 920

running file 921

running file 922

running file 923

running file 924

running file 925

running file 926

running file 927

running file 928

running file 929

running file 930

running file 931

running file 932

running file 933

running file 934

running file 935

running file 936

running file 937

running file 938

running file 939

running file 940

running file 941

running file 942

running file 943

running file 944

running file 945

running file 946

running file 947

running file 948

running file 949

running file 950

running file 951

running file 952

running file 953

running file 954

running file 955

running file 956

running file 957

running file 958

running file 959

running file 960

running file 961

running file 962

running file 963

running file 964

running file 965

running file 966

running file 967

running file 968

running file 969

running file 970

running file 971

running file 972

running file 973

running file 974

running file 975

running file 976

running file 977

running file 978

running file 979

running file 980

running file 981

running file 982

running file 983

running file 984

running file 985

running file 986

running file 987

running file 988

running file 989

running file 990

running file 991

running file 992

running file 993

running file 994

running file 995

running file 996

running file 997

running file 998

running file 999

running file 1000

running file 1001

running file 1002

running file 1003

running file 1004

running file 1005

running file 1006

running file 1007

running file 1008

running file 1009

running file 1010

running file 1011

running file 1012

running file 1013

running file 1014

running file 1015

running file 1016

running file 1017

running file 1018

running file 1019

running file 1020

running file 1021

running file 1022

running file 1023

running file 1024

running file 1025

running file 1026

running file 1027

running file 1028

running file 1029

running file 1030

running file 1031

running file 1032

running file 1033

running file 1034

running file 1035

running file 1036

running file 1037

running file 1038

running file 1039

running file 1040

running file 1041

running file 1042

running file 1043

running file 1044

running file 1045

running file 1046

running file 1047

running file 1048

running file 1049

running file 1050

running file 1051

running file 1052

running file 1053

running file 1054

running file 1055

running file 1056

running file 1057

running file 1058

running file 1059

running file 1060

running file 1061

running file 1062

running file 1063

running file 1064

running file 1065

running file 1066

running file 1067

running file 1068

running file 1069

running file 1070

running file 1071

running file 1072

running file 1073

running file 1074

running file 1075

running file 1076

running file 1077

running file 1078

running file 1079

running file 1080

running file 1081

running file 1082

running file 1083

running file 1084

running file 1085

running file 1086

running file 1087

running file 1088

running file 1089

running file 1090

running file 1091

running file 1092

running file 1093

running file 1094

running file 1095

running file 1096

running file 1097

running file 1098

running file 1099

running file 1100

running file 1101

running file 1102

running file 1103

running file 1104

running file 1105

running file 1106

running file 1107

running file 1108

running file 1109

running file 1110

running file 1111

running file 1112

running file 1113

running file 1114

running file 1115

running file 1116

running file 1117

running file 1118

running file 1119

running file 1120

running file 1121

running file 1122

running file 1123

running file 1124

running file 1125

running file 1126

running file 1127

running file 1128

running file 1129

running file 1130

running file 1131

running file 1132

running file 1133

running file 1134

running file 1135

running file 1136

running file 1137

running file 1138

running file 1139

running file 1140

running file 1141

running file 1142

running file 1143

running file 1144

running file 1145

running file 1146

running file 1147

running file 1148

running file 1149

running file 1150

running file 1151

running file 1152

running file 1153

running file 1154

running file 1155

running file 1156

running file 1157

running file 1158

running file 1159

running file 1160

running file 1161

running file 1162

running file 1163

running file 1164

running file 1165

running file 1166

running file 1167

running file 1168

running file 1169

running file 1170

running file 1171

running file 1172

running file 1173

running file 1174

running file 1175

running file 1176

running file 1177

running file 1178

running file 1179

running file 1180

running file 1181

running file 1182

running file 1183

running file 1184

running file 1185

running file 1186

running file 1187

running file 1188

running file 1189

running file 1190

running file 1191

running file 1192

running file 1193

running file 1194

running file 1195

running file 1196

running file 1197

running file 1198

running file 1199

running file 1200

running file 1201

running file 1202

running file 1203

running file 1204

running file 1205

running file 1206

running file 1207

running file 1208

running file 1209

running file 1210

running file 1211

running file 1212

running file 1213

running file 1214

running file 1215

running file 1216

running file 1217

running file 1218

running file 1219

running file 1220

running file 1221

running file 1222

running file 1223

running file 1224

running file 1225

running file 1226

running file 1227

running file 1228

running file 1229

running file 1230

running file 1231

running file 1232

running file 1233

running file 1234

running file 1235

running file 1236

running file 1237

running file 1238

running file 1239

running file 1240

running file 1241

running file 1242

running file 1243

running file 1244

running file 1245

running file 1246

running file 1247

running file 1248

running file 1249

running file 1250

running file 1251

running file 1252

running file 1253

running file 1254

running file 1255

running file 1256

running file 1257

running file 1258

running file 1259

running file 1260

running file 1261

running file 1262

running file 1263

running file 1264

running file 1265

running file 1266

running file 1267

running file 1268

running file 1269

running file 1270

running file 1271

running file 1272

running file 1273

running file 1274

running file 1275

running file 1276

running file 1277

running file 1278

running file 1279

running file 1280

running file 1281

running file 1282

running file 1283

running file 1284

running file 1285

running file 1286

running file 1287

running file 1288

running file 1289

running file 1290

running file 1291

running file 1292

running file 1293

running file 1294

running file 1295

running file 1296

running file 1297

running file 1298

running file 1299

running file 1300
[vie feb 14 01:08:17 PET 2020] End
elapsed time: 354
all done
