[jue feb 20 01:16:41 PET 2020] Start

running file 1001

running file 1002

running file 1003

running file 1004

running file 1005

running file 1006

running file 1007

running file 1008

running file 1009

running file 1010

running file 1011

running file 1012

running file 1013

running file 1014

running file 1015

running file 1016

running file 1017

running file 1018

running file 1019

running file 1020

running file 1021

running file 1022

running file 1023

running file 1024

running file 1025

running file 1026

running file 1027

running file 1028

running file 1029

running file 1030

running file 1031

running file 1032

running file 1033

running file 1034

running file 1035

running file 1036

running file 1037

running file 1038

running file 1039

running file 1040

running file 1041

running file 1042

running file 1043

running file 1044

running file 1045

running file 1046

running file 1047

running file 1048

running file 1049

running file 1050

running file 1051

running file 1052

running file 1053

running file 1054

running file 1055

running file 1056

running file 1057

running file 1058

running file 1059

running file 1060

running file 1061

running file 1062

running file 1063

running file 1064

running file 1065

running file 1066

running file 1067

running file 1068

running file 1069

running file 1070

running file 1071

running file 1072

running file 1073

running file 1074

running file 1075

running file 1076

running file 1077

running file 1078

running file 1079

running file 1080

running file 1081

running file 1082

running file 1083

running file 1084

running file 1085

running file 1086

running file 1087

running file 1088

running file 1089

running file 1090

running file 1091

running file 1092

running file 1093

running file 1094

running file 1095

running file 1096

running file 1097

running file 1098

running file 1099

running file 1100

running file 1101

running file 1102

running file 1103

running file 1104

running file 1105

running file 1106

running file 1107

running file 1108

running file 1109

running file 1110

running file 1111

running file 1112

running file 1113

running file 1114

running file 1115

running file 1116

running file 1117

running file 1118

running file 1119

running file 1120

running file 1121

running file 1122

running file 1123

running file 1124

running file 1125

running file 1126

running file 1127

running file 1128

running file 1129

running file 1130

running file 1131

running file 1132

running file 1133

running file 1134

running file 1135

running file 1136

running file 1137

running file 1138

running file 1139

running file 1140

running file 1141

running file 1142

running file 1143

running file 1144

running file 1145

running file 1146

running file 1147

running file 1148

running file 1149

running file 1150

running file 1151

running file 1152

running file 1153

running file 1154

running file 1155

running file 1156

running file 1157

running file 1158

running file 1159

running file 1160

running file 1161

running file 1162

running file 1163

running file 1164

running file 1165

running file 1166

running file 1167

running file 1168

running file 1169

running file 1170

running file 1171

running file 1172

running file 1173

running file 1174

running file 1175

running file 1176

running file 1177

running file 1178

running file 1179

running file 1180

running file 1181

running file 1182

running file 1183

running file 1184

running file 1185

running file 1186

running file 1187

running file 1188

running file 1189

running file 1190

running file 1191

running file 1192

running file 1193

running file 1194

running file 1195

running file 1196

running file 1197

running file 1198

running file 1199

running file 1200

running file 1201

running file 1202

running file 1203

running file 1204

running file 1205

running file 1206

running file 1207

running file 1208

running file 1209

running file 1210

running file 1211

running file 1212

running file 1213

running file 1214

running file 1215

running file 1216

running file 1217

running file 1218

running file 1219

running file 1220

running file 1221

running file 1222

running file 1223

running file 1224

running file 1225

running file 1226

running file 1227

running file 1228

running file 1229

running file 1230

running file 1231

running file 1232

running file 1233

running file 1234

running file 1235

running file 1236

running file 1237

running file 1238

running file 1239

running file 1240

running file 1241

running file 1242

running file 1243

running file 1244

running file 1245

running file 1246

running file 1247

running file 1248

running file 1249

running file 1250

running file 1251

running file 1252

running file 1253

running file 1254

running file 1255

running file 1256

running file 1257

running file 1258

running file 1259

running file 1260

running file 1261

running file 1262

running file 1263

running file 1264

running file 1265

running file 1266

running file 1267

running file 1268

running file 1269

running file 1270

running file 1271

running file 1272

running file 1273

running file 1274

running file 1275

running file 1276

running file 1277

running file 1278

running file 1279

running file 1280

running file 1281

running file 1282

running file 1283

running file 1284

running file 1285

running file 1286

running file 1287

running file 1288

running file 1289

running file 1290

running file 1291

running file 1292

running file 1293

running file 1294

running file 1295

running file 1296

running file 1297

running file 1298

running file 1299

running file 1300

running file 1301

running file 1302

running file 1303

running file 1304

running file 1305

running file 1306

running file 1307

running file 1308

running file 1309

running file 1310

running file 1311

running file 1312

running file 1313

running file 1314

running file 1315

running file 1316

running file 1317

running file 1318

running file 1319

running file 1320

running file 1321

running file 1322

running file 1323

running file 1324

running file 1325

running file 1326

running file 1327

running file 1328

running file 1329

running file 1330

running file 1331

running file 1332

running file 1333

running file 1334

running file 1335

running file 1336

running file 1337

running file 1338

running file 1339

running file 1340

running file 1341

running file 1342

running file 1343

running file 1344

running file 1345

running file 1346

running file 1347

running file 1348

running file 1349

running file 1350

running file 1351

running file 1352

running file 1353

running file 1354

running file 1355

running file 1356

running file 1357

running file 1358

running file 1359

running file 1360

running file 1361

running file 1362

running file 1363

running file 1364

running file 1365

running file 1366

running file 1367

running file 1368

running file 1369

running file 1370

running file 1371

running file 1372

running file 1373

running file 1374

running file 1375

running file 1376

running file 1377

running file 1378

running file 1379

running file 1380

running file 1381

running file 1382

running file 1383

running file 1384

running file 1385

running file 1386

running file 1387

running file 1388

running file 1389

running file 1390

running file 1391

running file 1392

running file 1393

running file 1394

running file 1395

running file 1396

running file 1397

running file 1398

running file 1399

running file 1400

running file 1401

running file 1402

running file 1403

running file 1404

running file 1405

running file 1406

running file 1407

running file 1408

running file 1409

running file 1410

running file 1411

running file 1412

running file 1413

running file 1414

running file 1415

running file 1416

running file 1417

running file 1418

running file 1419

running file 1420

running file 1421

running file 1422

running file 1423

running file 1424

running file 1425

running file 1426

running file 1427

running file 1428

running file 1429

running file 1430

running file 1431

running file 1432

running file 1433

running file 1434

running file 1435

running file 1436

running file 1437

running file 1438

running file 1439

running file 1440

running file 1441

running file 1442

running file 1443

running file 1444

running file 1445

running file 1446

running file 1447

running file 1448

running file 1449

running file 1450

running file 1451

running file 1452

running file 1453

running file 1454

running file 1455

running file 1456

running file 1457

running file 1458

running file 1459

running file 1460

running file 1461

running file 1462

running file 1463

running file 1464

running file 1465

running file 1466

running file 1467

running file 1468

running file 1469

running file 1470

running file 1471

running file 1472

running file 1473

running file 1474

running file 1475

running file 1476

running file 1477

running file 1478

running file 1479

running file 1480

running file 1481

running file 1482

running file 1483

running file 1484

running file 1485

running file 1486

running file 1487

running file 1488

running file 1489

running file 1490

running file 1491

running file 1492

running file 1493

running file 1494

running file 1495

running file 1496

running file 1497

running file 1498

running file 1499

running file 1500
[jue feb 20 01:58:54 PET 2020] End
elapsed time: 2533
all done
