[mié ago 23 04:04:07 -05 2017] Start

running file 1
BEGIN: [mié ago 23 04:04:07 -05 2017]
END: [mié ago 23 04:05:13 -05 2017]
         END RUN   TIME = 2498.0  CPUTOT =    0.0  ERRTOT = -0.000613  DETOT = -0.000149

running file 2
BEGIN: [mié ago 23 04:05:13 -05 2017]
END: [mié ago 23 04:06:23 -05 2017]
         END RUN   TIME = 2498.2  CPUTOT =    0.0  ERRTOT =  0.002633  DETOT =  0.001525

running file 3
BEGIN: [mié ago 23 04:06:23 -05 2017]
END: [mié ago 23 04:07:20 -05 2017]
         END RUN   TIME = 2498.0  CPUTOT =    0.0  ERRTOT = -0.004178  DETOT = -0.000849

running file 4
BEGIN: [mié ago 23 04:07:20 -05 2017]
END: [mié ago 23 04:07:55 -05 2017]
         CALCULATIONS HALTED * * *

running file 5
BEGIN: [mié ago 23 04:07:55 -05 2017]
END: [mié ago 23 04:07:56 -05 2017]
         CALCULATIONS HALTED * * *

running file 6
BEGIN: [mié ago 23 04:07:56 -05 2017]
END: [mié ago 23 04:08:52 -05 2017]
         END RUN   TIME = 2498.0  CPUTOT =    0.0  ERRTOT =  0.004514  DETOT =  0.000648

running file 7
BEGIN: [mié ago 23 04:08:52 -05 2017]
END: [mié ago 23 04:08:54 -05 2017]
         CALCULATIONS HALTED * * *

running file 8
BEGIN: [mié ago 23 04:08:54 -05 2017]
END: [mié ago 23 04:08:58 -05 2017]
         CALCULATIONS HALTED * * *

running file 9
BEGIN: [mié ago 23 04:08:58 -05 2017]
END: [mié ago 23 04:09:04 -05 2017]
         CALCULATIONS HALTED * * *

running file 10
BEGIN: [mié ago 23 04:09:04 -05 2017]
END: [mié ago 23 04:09:08 -05 2017]
         CALCULATIONS HALTED * * *

running file 11
BEGIN: [mié ago 23 04:09:08 -05 2017]
END: [mié ago 23 04:09:11 -05 2017]
         CALCULATIONS HALTED * * *

running file 12
BEGIN: [mié ago 23 04:09:11 -05 2017]
END: [mié ago 23 04:09:58 -05 2017]
         END RUN   TIME = 2498.1  CPUTOT =    0.0  ERRTOT = -0.006358  DETOT = -0.001150

running file 13
BEGIN: [mié ago 23 04:09:58 -05 2017]
END: [mié ago 23 04:10:03 -05 2017]
         CALCULATIONS HALTED * * *

running file 14
BEGIN: [mié ago 23 04:10:03 -05 2017]
END: [mié ago 23 04:10:41 -05 2017]
         END RUN   TIME = 2498.0  CPUTOT =    0.0  ERRTOT = -0.000445  DETOT =  0.000068

running file 15
BEGIN: [mié ago 23 04:10:41 -05 2017]
END: [mié ago 23 04:11:24 -05 2017]
         END RUN   TIME = 2498.0  CPUTOT =    0.0  ERRTOT =  0.003009  DETOT =  0.000753

running file 16
BEGIN: [mié ago 23 04:11:24 -05 2017]
END: [mié ago 23 04:11:26 -05 2017]
         CALCULATIONS HALTED * * *

running file 17
BEGIN: [mié ago 23 04:11:26 -05 2017]
END: [mié ago 23 04:11:47 -05 2017]
         CALCULATIONS HALTED * * *

running file 18
BEGIN: [mié ago 23 04:11:47 -05 2017]
END: [mié ago 23 04:12:23 -05 2017]
         END RUN   TIME = 2498.1  CPUTOT =    0.0  ERRTOT =  0.000725  DETOT = -0.000154

running file 19
BEGIN: [mié ago 23 04:12:23 -05 2017]
END: [mié ago 23 04:12:27 -05 2017]
         CALCULATIONS HALTED * * *

running file 20
BEGIN: [mié ago 23 04:12:27 -05 2017]
END: [mié ago 23 04:13:28 -05 2017]
         END RUN   TIME = 2498.0  CPUTOT =    0.0  ERRTOT = -0.000996  DETOT = -0.000161

running file 21
BEGIN: [mié ago 23 04:13:28 -05 2017]
END: [mié ago 23 04:13:31 -05 2017]
         CALCULATIONS HALTED * * *

running file 22
BEGIN: [mié ago 23 04:13:31 -05 2017]
END: [mié ago 23 04:13:36 -05 2017]
         CALCULATIONS HALTED * * *

running file 23
BEGIN: [mié ago 23 04:13:36 -05 2017]
END: [mié ago 23 04:14:10 -05 2017]
         END RUN   TIME = 2498.0  CPUTOT =    0.0  ERRTOT = -0.004620  DETOT = -0.000963

running file 24
BEGIN: [mié ago 23 04:14:10 -05 2017]
END: [mié ago 23 04:14:12 -05 2017]
         CALCULATIONS HALTED * * *

running file 25
BEGIN: [mié ago 23 04:14:12 -05 2017]
END: [mié ago 23 04:14:17 -05 2017]
         CALCULATIONS HALTED * * *

running file 26
BEGIN: [mié ago 23 04:14:17 -05 2017]
END: [mié ago 23 04:14:19 -05 2017]
         CALCULATIONS HALTED * * *

running file 27
BEGIN: [mié ago 23 04:14:19 -05 2017]
END: [mié ago 23 04:14:22 -05 2017]
         CALCULATIONS HALTED * * *

running file 28
BEGIN: [mié ago 23 04:14:22 -05 2017]
END: [mié ago 23 04:14:25 -05 2017]
         CALCULATIONS HALTED * * *

running file 29
BEGIN: [mié ago 23 04:14:25 -05 2017]
END: [mié ago 23 04:14:42 -05 2017]
         CALCULATIONS HALTED * * *

running file 30
BEGIN: [mié ago 23 04:14:42 -05 2017]
END: [mié ago 23 04:14:46 -05 2017]
         CALCULATIONS HALTED * * *

running file 31
BEGIN: [mié ago 23 04:14:46 -05 2017]
END: [mié ago 23 04:14:50 -05 2017]
         CALCULATIONS HALTED * * *

running file 32
BEGIN: [mié ago 23 04:14:50 -05 2017]
END: [mié ago 23 04:15:23 -05 2017]
         END RUN   TIME = 2498.0  CPUTOT =    0.0  ERRTOT =  0.004277  DETOT =  0.000980

running file 33
BEGIN: [mié ago 23 04:15:23 -05 2017]
END: [mié ago 23 04:15:51 -05 2017]
         CALCULATIONS HALTED * * *

running file 34
BEGIN: [mié ago 23 04:15:51 -05 2017]
END: [mié ago 23 04:15:52 -05 2017]
         CALCULATIONS HALTED * * *

running file 35
BEGIN: [mié ago 23 04:15:52 -05 2017]
END: [mié ago 23 04:16:01 -05 2017]
         CALCULATIONS HALTED * * *

running file 36
BEGIN: [mié ago 23 04:16:01 -05 2017]
END: [mié ago 23 04:16:33 -05 2017]
         CALCULATIONS HALTED * * *

running file 37
BEGIN: [mié ago 23 04:16:33 -05 2017]
END: [mié ago 23 04:17:39 -05 2017]
         END RUN   TIME = 2498.0  CPUTOT =    0.0  ERRTOT = -0.007902  DETOT = -0.007240

running file 38
BEGIN: [mié ago 23 04:17:39 -05 2017]
END: [mié ago 23 04:18:08 -05 2017]
         END RUN   TIME = 2498.0  CPUTOT =    0.0  ERRTOT =  0.002062  DETOT =  0.002261

running file 39
BEGIN: [mié ago 23 04:18:08 -05 2017]
END: [mié ago 23 04:18:10 -05 2017]
         CALCULATIONS HALTED * * *

running file 40
BEGIN: [mié ago 23 04:18:10 -05 2017]
END: [mié ago 23 04:18:25 -05 2017]
         CALCULATIONS HALTED * * *

running file 41
BEGIN: [mié ago 23 04:18:25 -05 2017]
END: [mié ago 23 04:18:32 -05 2017]
         CALCULATIONS HALTED * * *

running file 42
BEGIN: [mié ago 23 04:18:32 -05 2017]
END: [mié ago 23 04:18:51 -05 2017]
         CALCULATIONS HALTED * * *

running file 43
BEGIN: [mié ago 23 04:18:51 -05 2017]
END: [mié ago 23 04:18:53 -05 2017]
         CALCULATIONS HALTED * * *

running file 44
BEGIN: [mié ago 23 04:18:53 -05 2017]
END: [mié ago 23 04:19:47 -05 2017]
         END RUN   TIME = 2498.0  CPUTOT =    0.0  ERRTOT =  0.006107  DETOT =  0.003728

running file 45
BEGIN: [mié ago 23 04:19:47 -05 2017]
END: [mié ago 23 04:19:50 -05 2017]
         CALCULATIONS HALTED * * *

running file 46
BEGIN: [mié ago 23 04:19:50 -05 2017]
END: [mié ago 23 04:19:58 -05 2017]
         CALCULATIONS HALTED * * *

running file 47
BEGIN: [mié ago 23 04:19:58 -05 2017]
END: [mié ago 23 04:20:12 -05 2017]
         CALCULATIONS HALTED * * *

running file 48
BEGIN: [mié ago 23 04:20:12 -05 2017]
END: [mié ago 23 04:20:14 -05 2017]
         CALCULATIONS HALTED * * *

running file 49
BEGIN: [mié ago 23 04:20:14 -05 2017]
END: [mié ago 23 04:20:21 -05 2017]
         CALCULATIONS HALTED * * *

running file 50
BEGIN: [mié ago 23 04:20:21 -05 2017]
END: [mié ago 23 04:20:24 -05 2017]
         CALCULATIONS HALTED * * *

running file 51
BEGIN: [mié ago 23 04:20:24 -05 2017]
END: [mié ago 23 04:20:27 -05 2017]
         CALCULATIONS HALTED * * *

running file 52
BEGIN: [mié ago 23 04:20:27 -05 2017]
END: [mié ago 23 04:20:32 -05 2017]
         CALCULATIONS HALTED * * *

running file 53
BEGIN: [mié ago 23 04:20:32 -05 2017]
END: [mié ago 23 04:20:33 -05 2017]
         CALCULATIONS HALTED * * *

running file 54
BEGIN: [mié ago 23 04:20:33 -05 2017]
END: [mié ago 23 04:21:39 -05 2017]
         END RUN   TIME = 2498.0  CPUTOT =    0.0  ERRTOT =  0.005307  DETOT =  0.002416

running file 55
BEGIN: [mié ago 23 04:21:39 -05 2017]
END: [mié ago 23 04:21:44 -05 2017]
         CALCULATIONS HALTED * * *

running file 56
BEGIN: [mié ago 23 04:21:44 -05 2017]
END: [mié ago 23 04:22:13 -05 2017]
         END RUN   TIME = 2498.0  CPUTOT =    0.0  ERRTOT =  0.000957  DETOT =  0.000471

running file 57
BEGIN: [mié ago 23 04:22:13 -05 2017]
END: [mié ago 23 04:22:22 -05 2017]
         CALCULATIONS HALTED * * *

running file 58
BEGIN: [mié ago 23 04:22:22 -05 2017]
END: [mié ago 23 04:22:25 -05 2017]
         CALCULATIONS HALTED * * *

running file 59
BEGIN: [mié ago 23 04:22:25 -05 2017]
END: [mié ago 23 04:22:29 -05 2017]
         CALCULATIONS HALTED * * *

running file 60
BEGIN: [mié ago 23 04:22:29 -05 2017]
END: [mié ago 23 04:22:33 -05 2017]
         CALCULATIONS HALTED * * *

running file 61
BEGIN: [mié ago 23 04:22:33 -05 2017]
END: [mié ago 23 04:22:35 -05 2017]
         CALCULATIONS HALTED * * *

running file 62
BEGIN: [mié ago 23 04:22:35 -05 2017]
END: [mié ago 23 04:23:18 -05 2017]
         END RUN   TIME = 2498.0  CPUTOT =    0.0  ERRTOT = -0.013280  DETOT = -0.005372

running file 63
BEGIN: [mié ago 23 04:23:18 -05 2017]
END: [mié ago 23 04:23:27 -05 2017]
         CALCULATIONS HALTED * * *

running file 64
BEGIN: [mié ago 23 04:23:27 -05 2017]
END: [mié ago 23 04:24:02 -05 2017]
         END RUN   TIME = 2498.0  CPUTOT =    0.0  ERRTOT = -0.002843  DETOT = -0.000647

running file 65
BEGIN: [mié ago 23 04:24:02 -05 2017]
WARNING: timeout reached
END: [mié ago 23 04:28:02 -05 2017]
 ADJUST:  TIME =   32.00  Q = 0.80  DE = -1.7E-04  E = -0.250327  RMIN = 1.0E-03  DTMIN = 4.0E-05  TC =   11  DELTA = -1.7E-04  E(3) = -0.250327  DETOT = -0.000327

running file 66
BEGIN: [mié ago 23 04:28:02 -05 2017]
END: [mié ago 23 04:28:08 -05 2017]
         CALCULATIONS HALTED * * *

running file 67
BEGIN: [mié ago 23 04:28:08 -05 2017]
END: [mié ago 23 04:28:12 -05 2017]
         CALCULATIONS HALTED * * *

running file 68
BEGIN: [mié ago 23 04:28:12 -05 2017]
END: [mié ago 23 04:28:18 -05 2017]
         CALCULATIONS HALTED * * *

running file 69
BEGIN: [mié ago 23 04:28:18 -05 2017]
END: [mié ago 23 04:28:22 -05 2017]
         CALCULATIONS HALTED * * *

running file 70
BEGIN: [mié ago 23 04:28:22 -05 2017]
END: [mié ago 23 04:28:38 -05 2017]
         CALCULATIONS HALTED * * *

running file 71
BEGIN: [mié ago 23 04:28:38 -05 2017]
END: [mié ago 23 04:28:41 -05 2017]
         CALCULATIONS HALTED * * *

running file 72
BEGIN: [mié ago 23 04:28:41 -05 2017]
END: [mié ago 23 04:29:20 -05 2017]
         END RUN   TIME = 2498.0  CPUTOT =    0.0  ERRTOT =  0.004094  DETOT =  0.001707

running file 73
BEGIN: [mié ago 23 04:29:20 -05 2017]
END: [mié ago 23 04:29:22 -05 2017]
         CALCULATIONS HALTED * * *

running file 74
BEGIN: [mié ago 23 04:29:22 -05 2017]
END: [mié ago 23 04:30:14 -05 2017]
         END RUN   TIME = 2498.0  CPUTOT =    0.0  ERRTOT = -0.007835  DETOT = -0.002301

running file 75
BEGIN: [mié ago 23 04:30:14 -05 2017]
END: [mié ago 23 04:30:18 -05 2017]
         CALCULATIONS HALTED * * *

running file 76
BEGIN: [mié ago 23 04:30:18 -05 2017]
END: [mié ago 23 04:30:26 -05 2017]
         CALCULATIONS HALTED * * *

running file 77
BEGIN: [mié ago 23 04:30:26 -05 2017]
END: [mié ago 23 04:30:36 -05 2017]
         CALCULATIONS HALTED * * *

running file 78
BEGIN: [mié ago 23 04:30:36 -05 2017]
END: [mié ago 23 04:31:36 -05 2017]
         END RUN   TIME = 2498.1  CPUTOT =    0.0  ERRTOT =  0.008167  DETOT =  0.009404

running file 79
BEGIN: [mié ago 23 04:31:36 -05 2017]
END: [mié ago 23 04:31:39 -05 2017]
         CALCULATIONS HALTED * * *

running file 80
BEGIN: [mié ago 23 04:31:39 -05 2017]
END: [mié ago 23 04:32:10 -05 2017]
         CALCULATIONS HALTED * * *

running file 81
BEGIN: [mié ago 23 04:32:10 -05 2017]
END: [mié ago 23 04:32:13 -05 2017]
         CALCULATIONS HALTED * * *

running file 82
BEGIN: [mié ago 23 04:32:13 -05 2017]
END: [mié ago 23 04:32:21 -05 2017]
         CALCULATIONS HALTED * * *

running file 83
BEGIN: [mié ago 23 04:32:21 -05 2017]
END: [mié ago 23 04:32:53 -05 2017]
         END RUN   TIME = 2498.0  CPUTOT =    0.0  ERRTOT = -0.003841  DETOT = -0.001167

running file 84
BEGIN: [mié ago 23 04:32:53 -05 2017]
END: [mié ago 23 04:33:11 -05 2017]
         CALCULATIONS HALTED * * *

running file 85
BEGIN: [mié ago 23 04:33:11 -05 2017]
END: [mié ago 23 04:33:13 -05 2017]
         CALCULATIONS HALTED * * *

running file 86
BEGIN: [mié ago 23 04:33:13 -05 2017]
END: [mié ago 23 04:33:17 -05 2017]
         CALCULATIONS HALTED * * *

running file 87
BEGIN: [mié ago 23 04:33:17 -05 2017]
END: [mié ago 23 04:33:42 -05 2017]
         CALCULATIONS HALTED * * *

running file 88
BEGIN: [mié ago 23 04:33:42 -05 2017]
WARNING: timeout reached
END: [mié ago 23 04:37:42 -05 2017]
 ADJUST:  TIME =   38.00  Q = 0.76  DE = -2.4E-03  E = -0.253053  RMIN = 1.0E-03  DTMIN = 4.0E-05  TC =   13  DELTA = -1.9E-03  E(3) = -0.253053  DETOT = -0.003053

running file 89
BEGIN: [mié ago 23 04:37:42 -05 2017]
END: [mié ago 23 04:38:22 -05 2017]
         END RUN   TIME = 2498.0  CPUTOT =    0.0  ERRTOT =  0.004002  DETOT =  0.001038

running file 90
BEGIN: [mié ago 23 04:38:22 -05 2017]
END: [mié ago 23 04:38:26 -05 2017]
         CALCULATIONS HALTED * * *

running file 91
BEGIN: [mié ago 23 04:38:26 -05 2017]
END: [mié ago 23 04:38:32 -05 2017]
         CALCULATIONS HALTED * * *

running file 92
BEGIN: [mié ago 23 04:38:32 -05 2017]
END: [mié ago 23 04:38:38 -05 2017]
         CALCULATIONS HALTED * * *

running file 93
BEGIN: [mié ago 23 04:38:38 -05 2017]
END: [mié ago 23 04:38:42 -05 2017]
         CALCULATIONS HALTED * * *

running file 94
BEGIN: [mié ago 23 04:38:42 -05 2017]
END: [mié ago 23 04:38:48 -05 2017]
         CALCULATIONS HALTED * * *

running file 95
BEGIN: [mié ago 23 04:38:48 -05 2017]
END: [mié ago 23 04:38:52 -05 2017]
         CALCULATIONS HALTED * * *

running file 96
BEGIN: [mié ago 23 04:38:52 -05 2017]
END: [mié ago 23 04:39:04 -05 2017]
         CALCULATIONS HALTED * * *

running file 97
BEGIN: [mié ago 23 04:39:04 -05 2017]
END: [mié ago 23 04:39:18 -05 2017]
         CALCULATIONS HALTED * * *

running file 98
BEGIN: [mié ago 23 04:39:18 -05 2017]
END: [mié ago 23 04:39:43 -05 2017]
         CALCULATIONS HALTED * * *

running file 99
BEGIN: [mié ago 23 04:39:43 -05 2017]
END: [mié ago 23 04:39:45 -05 2017]
         CALCULATIONS HALTED * * *

running file 100
BEGIN: [mié ago 23 04:39:45 -05 2017]
END: [mié ago 23 04:39:55 -05 2017]
         CALCULATIONS HALTED * * *
[mié ago 23 04:39:55 -05 2017] End
elapsed time: 2148
all done
