[mié ago 23 14:37:59 -05 2017] Start

running file 101
BEGIN: [mié ago 23 14:37:59 -05 2017]
END: [mié ago 23 14:38:00 -05 2017]
         CALCULATIONS HALTED * * *

running file 102
BEGIN: [mié ago 23 14:38:00 -05 2017]
END: [mié ago 23 14:38:04 -05 2017]
         CALCULATIONS HALTED * * *

running file 103
BEGIN: [mié ago 23 14:38:04 -05 2017]
END: [mié ago 23 14:38:10 -05 2017]
         CALCULATIONS HALTED * * *

running file 104
BEGIN: [mié ago 23 14:38:10 -05 2017]
END: [mié ago 23 14:39:20 -05 2017]
         END RUN   TIME = 2498.1  CPUTOT =    0.0  ERRTOT = -0.000193  DETOT = -0.000012

running file 105
BEGIN: [mié ago 23 14:39:20 -05 2017]
END: [mié ago 23 14:39:22 -05 2017]
         CALCULATIONS HALTED * * *

running file 106
BEGIN: [mié ago 23 14:39:22 -05 2017]
END: [mié ago 23 14:39:36 -05 2017]
         CALCULATIONS HALTED * * *

running file 107
BEGIN: [mié ago 23 14:39:36 -05 2017]
END: [mié ago 23 14:40:35 -05 2017]
         END RUN   TIME = 2498.0  CPUTOT =    0.0  ERRTOT = -0.002318  DETOT = -0.000595

running file 108
BEGIN: [mié ago 23 14:40:35 -05 2017]
END: [mié ago 23 14:40:57 -05 2017]
         CALCULATIONS HALTED * * *

running file 109
BEGIN: [mié ago 23 14:40:57 -05 2017]
END: [mié ago 23 14:41:02 -05 2017]
         CALCULATIONS HALTED * * *

running file 110
BEGIN: [mié ago 23 14:41:02 -05 2017]
END: [mié ago 23 14:41:26 -05 2017]
         CALCULATIONS HALTED * * *

running file 111
BEGIN: [mié ago 23 14:41:26 -05 2017]
END: [mié ago 23 14:42:46 -05 2017]
         END RUN   TIME = 2498.0  CPUTOT =    0.0  ERRTOT =  0.056721  DETOT =  0.035825

running file 112
BEGIN: [mié ago 23 14:42:46 -05 2017]
END: [mié ago 23 14:43:29 -05 2017]
         END RUN   TIME = 2498.0  CPUTOT =    0.0  ERRTOT =  0.002280  DETOT =  0.001093

running file 113
BEGIN: [mié ago 23 14:43:29 -05 2017]
END: [mié ago 23 14:43:33 -05 2017]
         CALCULATIONS HALTED * * *

running file 114
BEGIN: [mié ago 23 14:43:33 -05 2017]
END: [mié ago 23 14:43:38 -05 2017]
         CALCULATIONS HALTED * * *

running file 115
BEGIN: [mié ago 23 14:43:38 -05 2017]
END: [mié ago 23 14:43:42 -05 2017]
         CALCULATIONS HALTED * * *

running file 116
BEGIN: [mié ago 23 14:43:42 -05 2017]
END: [mié ago 23 14:44:27 -05 2017]
         END RUN   TIME = 2498.0  CPUTOT =    0.0  ERRTOT = -0.003519  DETOT = -0.001415

running file 117
BEGIN: [mié ago 23 14:44:27 -05 2017]
END: [mié ago 23 14:44:34 -05 2017]
         CALCULATIONS HALTED * * *

running file 118
BEGIN: [mié ago 23 14:44:34 -05 2017]
END: [mié ago 23 14:44:38 -05 2017]
         CALCULATIONS HALTED * * *

running file 119
BEGIN: [mié ago 23 14:44:38 -05 2017]
END: [mié ago 23 14:44:47 -05 2017]
         CALCULATIONS HALTED * * *

running file 120
BEGIN: [mié ago 23 14:44:47 -05 2017]
END: [mié ago 23 14:44:52 -05 2017]
         CALCULATIONS HALTED * * *

running file 121
BEGIN: [mié ago 23 14:44:52 -05 2017]
END: [mié ago 23 14:44:55 -05 2017]
         CALCULATIONS HALTED * * *

running file 122
BEGIN: [mié ago 23 14:44:55 -05 2017]
END: [mié ago 23 14:44:57 -05 2017]
         CALCULATIONS HALTED * * *

running file 123
BEGIN: [mié ago 23 14:44:57 -05 2017]
END: [mié ago 23 14:46:06 -05 2017]
         END RUN   TIME = 2498.0  CPUTOT =    0.0  ERRTOT = -0.083457  DETOT = -0.047019

running file 124
BEGIN: [mié ago 23 14:46:06 -05 2017]
END: [mié ago 23 14:46:19 -05 2017]
         CALCULATIONS HALTED * * *

running file 125
BEGIN: [mié ago 23 14:46:19 -05 2017]
END: [mié ago 23 14:46:22 -05 2017]
         CALCULATIONS HALTED * * *

running file 126
BEGIN: [mié ago 23 14:46:22 -05 2017]
END: [mié ago 23 14:46:26 -05 2017]
         CALCULATIONS HALTED * * *

running file 127
BEGIN: [mié ago 23 14:46:26 -05 2017]
END: [mié ago 23 14:46:39 -05 2017]
         CALCULATIONS HALTED * * *

running file 128
BEGIN: [mié ago 23 14:46:39 -05 2017]
END: [mié ago 23 14:46:45 -05 2017]
         CALCULATIONS HALTED * * *

running file 129
BEGIN: [mié ago 23 14:46:45 -05 2017]
END: [mié ago 23 14:46:48 -05 2017]
         CALCULATIONS HALTED * * *

running file 130
BEGIN: [mié ago 23 14:46:48 -05 2017]
END: [mié ago 23 14:46:59 -05 2017]
         CALCULATIONS HALTED * * *

running file 131
BEGIN: [mié ago 23 14:46:59 -05 2017]
END: [mié ago 23 14:48:19 -05 2017]
         END RUN   TIME = 2498.1  CPUTOT =    0.0  ERRTOT = -0.007045  DETOT =  0.004511

running file 132
BEGIN: [mié ago 23 14:48:19 -05 2017]
END: [mié ago 23 14:49:11 -05 2017]
         END RUN   TIME = 2498.0  CPUTOT =    0.0  ERRTOT = -0.000701  DETOT = -0.000670

running file 133
BEGIN: [mié ago 23 14:49:11 -05 2017]
END: [mié ago 23 14:49:24 -05 2017]
         CALCULATIONS HALTED * * *

running file 134
BEGIN: [mié ago 23 14:49:24 -05 2017]
END: [mié ago 23 14:50:18 -05 2017]
         END RUN   TIME = 2498.0  CPUTOT =    0.0  ERRTOT = -0.095038  DETOT = -0.066657

running file 135
BEGIN: [mié ago 23 14:50:18 -05 2017]
END: [mié ago 23 14:50:24 -05 2017]
         CALCULATIONS HALTED * * *

running file 136
BEGIN: [mié ago 23 14:50:24 -05 2017]
END: [mié ago 23 14:50:56 -05 2017]
         CALCULATIONS HALTED * * *

running file 137
BEGIN: [mié ago 23 14:50:56 -05 2017]
END: [mié ago 23 14:51:04 -05 2017]
         CALCULATIONS HALTED * * *

running file 138
BEGIN: [mié ago 23 14:51:04 -05 2017]
END: [mié ago 23 14:51:09 -05 2017]
         CALCULATIONS HALTED * * *

running file 139
BEGIN: [mié ago 23 14:51:09 -05 2017]
END: [mié ago 23 14:51:14 -05 2017]
         CALCULATIONS HALTED * * *

running file 140
BEGIN: [mié ago 23 14:51:14 -05 2017]
END: [mié ago 23 14:51:23 -05 2017]
         CALCULATIONS HALTED * * *

running file 141
BEGIN: [mié ago 23 14:51:23 -05 2017]
END: [mié ago 23 14:51:25 -05 2017]
         CALCULATIONS HALTED * * *

running file 142
BEGIN: [mié ago 23 14:51:25 -05 2017]
END: [mié ago 23 14:52:24 -05 2017]
         END RUN   TIME = 2498.0  CPUTOT =    0.0  ERRTOT =  0.002698  DETOT =  0.001171

running file 143
BEGIN: [mié ago 23 14:52:24 -05 2017]
END: [mié ago 23 14:52:59 -05 2017]
         END RUN   TIME = 2498.0  CPUTOT =    0.0  ERRTOT =  0.003370  DETOT =  0.001761

running file 144
BEGIN: [mié ago 23 14:52:59 -05 2017]
END: [mié ago 23 14:53:03 -05 2017]
         CALCULATIONS HALTED * * *

running file 145
BEGIN: [mié ago 23 14:53:03 -05 2017]
END: [mié ago 23 14:53:30 -05 2017]
         END RUN   TIME = 2498.0  CPUTOT =    0.0  ERRTOT =  0.000253  DETOT = -0.000002

running file 146
BEGIN: [mié ago 23 14:53:30 -05 2017]
END: [mié ago 23 14:53:37 -05 2017]
         CALCULATIONS HALTED * * *

running file 147
BEGIN: [mié ago 23 14:53:37 -05 2017]
END: [mié ago 23 14:53:39 -05 2017]
         CALCULATIONS HALTED * * *

running file 148
BEGIN: [mié ago 23 14:53:39 -05 2017]
END: [mié ago 23 14:53:44 -05 2017]
         CALCULATIONS HALTED * * *

running file 149
BEGIN: [mié ago 23 14:53:44 -05 2017]
END: [mié ago 23 14:53:48 -05 2017]
         CALCULATIONS HALTED * * *

running file 150
BEGIN: [mié ago 23 14:53:48 -05 2017]
END: [mié ago 23 14:53:50 -05 2017]
         CALCULATIONS HALTED * * *

running file 151
BEGIN: [mié ago 23 14:53:50 -05 2017]
END: [mié ago 23 14:53:53 -05 2017]
         CALCULATIONS HALTED * * *

running file 152
BEGIN: [mié ago 23 14:53:53 -05 2017]
END: [mié ago 23 14:54:27 -05 2017]
         END RUN   TIME = 2498.0  CPUTOT =    0.0  ERRTOT = -0.006126  DETOT =  0.000323

running file 153
BEGIN: [mié ago 23 14:54:27 -05 2017]
END: [mié ago 23 14:54:41 -05 2017]
         CALCULATIONS HALTED * * *

running file 154
BEGIN: [mié ago 23 14:54:41 -05 2017]
END: [mié ago 23 14:54:44 -05 2017]
         CALCULATIONS HALTED * * *

running file 155
BEGIN: [mié ago 23 14:54:44 -05 2017]
END: [mié ago 23 14:54:49 -05 2017]
         CALCULATIONS HALTED * * *

running file 156
BEGIN: [mié ago 23 14:54:49 -05 2017]
END: [mié ago 23 14:54:54 -05 2017]
         CALCULATIONS HALTED * * *

running file 157
BEGIN: [mié ago 23 14:54:54 -05 2017]
END: [mié ago 23 14:56:06 -05 2017]
         END RUN   TIME = 2498.0  CPUTOT =    0.0  ERRTOT = -0.057743  DETOT = -0.090620

running file 158
BEGIN: [mié ago 23 14:56:06 -05 2017]
WARNING: timeout reached
END: [mié ago 23 15:00:06 -05 2017]
 ADJUST:  TIME =   56.00  Q = 0.84  DE = -2.7E-05  E = -0.250267  RMIN = 1.0E-03  DTMIN = 4.0E-05  TC =   19  DELTA = -3.6E-05  E(3) = -0.250267  DETOT = -0.000267

running file 159
BEGIN: [mié ago 23 15:00:06 -05 2017]
END: [mié ago 23 15:00:11 -05 2017]
         CALCULATIONS HALTED * * *

running file 160
BEGIN: [mié ago 23 15:00:11 -05 2017]
END: [mié ago 23 15:00:13 -05 2017]
         CALCULATIONS HALTED * * *

running file 161
BEGIN: [mié ago 23 15:00:13 -05 2017]
END: [mié ago 23 15:00:21 -05 2017]
         CALCULATIONS HALTED * * *

running file 162
BEGIN: [mié ago 23 15:00:21 -05 2017]
END: [mié ago 23 15:01:04 -05 2017]
         CALCULATIONS HALTED * * *

running file 163
BEGIN: [mié ago 23 15:01:04 -05 2017]
END: [mié ago 23 15:01:13 -05 2017]
         CALCULATIONS HALTED * * *

running file 164
BEGIN: [mié ago 23 15:01:13 -05 2017]
END: [mié ago 23 15:01:16 -05 2017]
         CALCULATIONS HALTED * * *

running file 165
BEGIN: [mié ago 23 15:01:16 -05 2017]
END: [mié ago 23 15:01:21 -05 2017]
         CALCULATIONS HALTED * * *

running file 166
BEGIN: [mié ago 23 15:01:21 -05 2017]
END: [mié ago 23 15:01:23 -05 2017]
         CALCULATIONS HALTED * * *

running file 167
BEGIN: [mié ago 23 15:01:23 -05 2017]
END: [mié ago 23 15:01:26 -05 2017]
         CALCULATIONS HALTED * * *

running file 168
BEGIN: [mié ago 23 15:01:26 -05 2017]
END: [mié ago 23 15:01:34 -05 2017]
         CALCULATIONS HALTED * * *

running file 169
BEGIN: [mié ago 23 15:01:34 -05 2017]
END: [mié ago 23 15:02:01 -05 2017]
         END RUN   TIME = 2498.0  CPUTOT =    0.0  ERRTOT =  0.000087  DETOT =  0.001717

running file 170
BEGIN: [mié ago 23 15:02:01 -05 2017]
END: [mié ago 23 15:02:06 -05 2017]
         CALCULATIONS HALTED * * *

running file 171
BEGIN: [mié ago 23 15:02:06 -05 2017]
END: [mié ago 23 15:02:51 -05 2017]
         CALCULATIONS HALTED * * *

running file 172
BEGIN: [mié ago 23 15:02:51 -05 2017]
END: [mié ago 23 15:02:56 -05 2017]
         CALCULATIONS HALTED * * *

running file 173
BEGIN: [mié ago 23 15:02:56 -05 2017]
END: [mié ago 23 15:03:09 -05 2017]
         CALCULATIONS HALTED * * *

running file 174
BEGIN: [mié ago 23 15:03:09 -05 2017]
END: [mié ago 23 15:03:52 -05 2017]
         END RUN   TIME = 2498.0  CPUTOT =    0.0  ERRTOT = -0.002575  DETOT = -0.002131

running file 175
BEGIN: [mié ago 23 15:03:52 -05 2017]
END: [mié ago 23 15:03:55 -05 2017]
         CALCULATIONS HALTED * * *

running file 176
BEGIN: [mié ago 23 15:03:55 -05 2017]
END: [mié ago 23 15:05:40 -05 2017]
         END RUN   TIME = 2498.0  CPUTOT =    0.0  ERRTOT = -0.218499  DETOT = -0.207367

running file 177
BEGIN: [mié ago 23 15:05:40 -05 2017]
END: [mié ago 23 15:05:44 -05 2017]
         CALCULATIONS HALTED * * *

running file 178
BEGIN: [mié ago 23 15:05:44 -05 2017]
END: [mié ago 23 15:05:46 -05 2017]
         CALCULATIONS HALTED * * *

running file 179
BEGIN: [mié ago 23 15:05:46 -05 2017]
END: [mié ago 23 15:05:50 -05 2017]
         CALCULATIONS HALTED * * *

running file 180
BEGIN: [mié ago 23 15:05:50 -05 2017]
END: [mié ago 23 15:06:22 -05 2017]
         END RUN   TIME = 2498.0  CPUTOT =    0.0  ERRTOT =  0.001688  DETOT =  0.000549

running file 181
BEGIN: [mié ago 23 15:06:22 -05 2017]
END: [mié ago 23 15:06:28 -05 2017]
         CALCULATIONS HALTED * * *

running file 182
BEGIN: [mié ago 23 15:06:28 -05 2017]
END: [mié ago 23 15:06:40 -05 2017]
         CALCULATIONS HALTED * * *

running file 183
BEGIN: [mié ago 23 15:06:40 -05 2017]
END: [mié ago 23 15:07:48 -05 2017]
         END RUN   TIME = 2498.2  CPUTOT =    0.0  ERRTOT = -0.001863  DETOT = -0.000647

running file 184
BEGIN: [mié ago 23 15:07:48 -05 2017]
END: [mié ago 23 15:08:47 -05 2017]
         END RUN   TIME = 2498.0  CPUTOT =    0.0  ERRTOT = -0.005745  DETOT = -0.001628

running file 185
BEGIN: [mié ago 23 15:08:47 -05 2017]
END: [mié ago 23 15:09:42 -05 2017]
         END RUN   TIME = 2498.0  CPUTOT =    0.0  ERRTOT = -0.056740  DETOT = -0.037982

running file 186
BEGIN: [mié ago 23 15:09:42 -05 2017]
END: [mié ago 23 15:09:44 -05 2017]
         CALCULATIONS HALTED * * *

running file 187
BEGIN: [mié ago 23 15:09:44 -05 2017]
END: [mié ago 23 15:09:49 -05 2017]
         CALCULATIONS HALTED * * *

running file 188
BEGIN: [mié ago 23 15:09:49 -05 2017]
END: [mié ago 23 15:10:11 -05 2017]
         END RUN   TIME = 2498.0  CPUTOT =    0.0  ERRTOT = -0.000587  DETOT = -0.000505

running file 189
BEGIN: [mié ago 23 15:10:11 -05 2017]
END: [mié ago 23 15:10:13 -05 2017]
         CALCULATIONS HALTED * * *

running file 190
BEGIN: [mié ago 23 15:10:13 -05 2017]
END: [mié ago 23 15:10:18 -05 2017]
         CALCULATIONS HALTED * * *

running file 191
BEGIN: [mié ago 23 15:10:18 -05 2017]
END: [mié ago 23 15:10:21 -05 2017]
         CALCULATIONS HALTED * * *

running file 192
BEGIN: [mié ago 23 15:10:21 -05 2017]
END: [mié ago 23 15:10:28 -05 2017]
         CALCULATIONS HALTED * * *

running file 193
BEGIN: [mié ago 23 15:10:28 -05 2017]
END: [mié ago 23 15:11:25 -05 2017]
         END RUN   TIME = 2498.0  CPUTOT =    0.0  ERRTOT =  0.081137  DETOT =  0.040604

running file 194
BEGIN: [mié ago 23 15:11:25 -05 2017]
END: [mié ago 23 15:12:11 -05 2017]
         CALCULATIONS HALTED * * *

running file 195
BEGIN: [mié ago 23 15:12:11 -05 2017]
END: [mié ago 23 15:12:19 -05 2017]
         CALCULATIONS HALTED * * *

running file 196
BEGIN: [mié ago 23 15:12:19 -05 2017]
END: [mié ago 23 15:12:28 -05 2017]
         CALCULATIONS HALTED * * *

running file 197
BEGIN: [mié ago 23 15:12:28 -05 2017]
END: [mié ago 23 15:12:35 -05 2017]
         CALCULATIONS HALTED * * *

running file 198
BEGIN: [mié ago 23 15:12:35 -05 2017]
END: [mié ago 23 15:12:40 -05 2017]
         CALCULATIONS HALTED * * *

running file 199
BEGIN: [mié ago 23 15:12:40 -05 2017]
END: [mié ago 23 15:13:06 -05 2017]
         CALCULATIONS HALTED * * *

running file 200
BEGIN: [mié ago 23 15:13:06 -05 2017]
END: [mié ago 23 15:13:55 -05 2017]
         CALCULATIONS HALTED * * *

running file 201
BEGIN: [mié ago 23 15:13:55 -05 2017]
END: [mié ago 23 15:13:59 -05 2017]
         CALCULATIONS HALTED * * *

running file 202
BEGIN: [mié ago 23 15:13:59 -05 2017]
END: [mié ago 23 15:14:01 -05 2017]
         CALCULATIONS HALTED * * *

running file 203
BEGIN: [mié ago 23 15:14:01 -05 2017]
END: [mié ago 23 15:14:24 -05 2017]
         CALCULATIONS HALTED * * *

running file 204
BEGIN: [mié ago 23 15:14:24 -05 2017]
END: [mié ago 23 15:14:41 -05 2017]
         END RUN   TIME = 2498.0  CPUTOT =    0.0  ERRTOT = -0.002155  DETOT = -0.000872

running file 205
BEGIN: [mié ago 23 15:14:41 -05 2017]
END: [mié ago 23 15:15:58 -05 2017]
         END RUN   TIME = 2498.1  CPUTOT =    0.0  ERRTOT = -0.007842  DETOT = -0.006187

running file 206
BEGIN: [mié ago 23 15:15:58 -05 2017]
END: [mié ago 23 15:16:47 -05 2017]
         END RUN   TIME = 2498.0  CPUTOT =    0.0  ERRTOT =  0.001675  DETOT = -0.000075

running file 207
BEGIN: [mié ago 23 15:16:47 -05 2017]
END: [mié ago 23 15:16:51 -05 2017]
         CALCULATIONS HALTED * * *

running file 208
BEGIN: [mié ago 23 15:16:51 -05 2017]
END: [mié ago 23 15:16:58 -05 2017]
         CALCULATIONS HALTED * * *

running file 209
BEGIN: [mié ago 23 15:16:58 -05 2017]
END: [mié ago 23 15:17:01 -05 2017]
         CALCULATIONS HALTED * * *

running file 210
BEGIN: [mié ago 23 15:17:01 -05 2017]
END: [mié ago 23 15:17:14 -05 2017]
         CALCULATIONS HALTED * * *

running file 211
BEGIN: [mié ago 23 15:17:14 -05 2017]
END: [mié ago 23 15:17:32 -05 2017]
         CALCULATIONS HALTED * * *

running file 212
BEGIN: [mié ago 23 15:17:32 -05 2017]
END: [mié ago 23 15:17:37 -05 2017]
         CALCULATIONS HALTED * * *

running file 213
BEGIN: [mié ago 23 15:17:37 -05 2017]
END: [mié ago 23 15:18:02 -05 2017]
         CALCULATIONS HALTED * * *

running file 214
BEGIN: [mié ago 23 15:18:02 -05 2017]
END: [mié ago 23 15:18:06 -05 2017]
         CALCULATIONS HALTED * * *

running file 215
BEGIN: [mié ago 23 15:18:06 -05 2017]
END: [mié ago 23 15:18:33 -05 2017]
         END RUN   TIME = 2498.0  CPUTOT =    0.0  ERRTOT = -0.004742  DETOT = -0.001482

running file 216
BEGIN: [mié ago 23 15:18:33 -05 2017]
END: [mié ago 23 15:18:40 -05 2017]
         CALCULATIONS HALTED * * *

running file 217
BEGIN: [mié ago 23 15:18:40 -05 2017]
END: [mié ago 23 15:18:57 -05 2017]
         END RUN   TIME = 2498.0  CPUTOT =    0.0  ERRTOT = -0.002997  DETOT = -0.001227

running file 218
BEGIN: [mié ago 23 15:18:57 -05 2017]
END: [mié ago 23 15:19:02 -05 2017]
         CALCULATIONS HALTED * * *

running file 219
BEGIN: [mié ago 23 15:19:02 -05 2017]
END: [mié ago 23 15:19:26 -05 2017]
         CALCULATIONS HALTED * * *

running file 220
BEGIN: [mié ago 23 15:19:26 -05 2017]
END: [mié ago 23 15:20:22 -05 2017]
         END RUN   TIME = 2498.1  CPUTOT =    0.0  ERRTOT =  0.008815  DETOT =  0.001282

running file 221
BEGIN: [mié ago 23 15:20:22 -05 2017]
END: [mié ago 23 15:20:47 -05 2017]
         CALCULATIONS HALTED * * *

running file 222
BEGIN: [mié ago 23 15:20:47 -05 2017]
END: [mié ago 23 15:20:50 -05 2017]
         CALCULATIONS HALTED * * *

running file 223
BEGIN: [mié ago 23 15:20:50 -05 2017]
END: [mié ago 23 15:21:02 -05 2017]
         CALCULATIONS HALTED * * *

running file 224
BEGIN: [mié ago 23 15:21:02 -05 2017]
END: [mié ago 23 15:21:24 -05 2017]
         END RUN   TIME = 2498.0  CPUTOT =    0.0  ERRTOT = -0.004513  DETOT = -0.000626

running file 225
BEGIN: [mié ago 23 15:21:24 -05 2017]
END: [mié ago 23 15:22:04 -05 2017]
         CALCULATIONS HALTED * * *

running file 226
BEGIN: [mié ago 23 15:22:04 -05 2017]
END: [mié ago 23 15:22:12 -05 2017]
         CALCULATIONS HALTED * * *

running file 227
BEGIN: [mié ago 23 15:22:12 -05 2017]
END: [mié ago 23 15:22:48 -05 2017]
         END RUN   TIME = 2498.1  CPUTOT =    0.0  ERRTOT = -0.004393  DETOT = -0.001062

running file 228
BEGIN: [mié ago 23 15:22:48 -05 2017]
END: [mié ago 23 15:22:50 -05 2017]
         CALCULATIONS HALTED * * *

running file 229
BEGIN: [mié ago 23 15:22:50 -05 2017]
END: [mié ago 23 15:22:53 -05 2017]
         CALCULATIONS HALTED * * *

running file 230
BEGIN: [mié ago 23 15:22:53 -05 2017]
END: [mié ago 23 15:22:57 -05 2017]
         CALCULATIONS HALTED * * *

running file 231
BEGIN: [mié ago 23 15:22:57 -05 2017]
END: [mié ago 23 15:23:31 -05 2017]
         CALCULATIONS HALTED * * *

running file 232
BEGIN: [mié ago 23 15:23:31 -05 2017]
END: [mié ago 23 15:23:35 -05 2017]
         CALCULATIONS HALTED * * *

running file 233
BEGIN: [mié ago 23 15:23:35 -05 2017]
END: [mié ago 23 15:23:47 -05 2017]
         CALCULATIONS HALTED * * *

running file 234
BEGIN: [mié ago 23 15:23:47 -05 2017]
END: [mié ago 23 15:23:51 -05 2017]
         CALCULATIONS HALTED * * *

running file 235
BEGIN: [mié ago 23 15:23:51 -05 2017]
WARNING: timeout reached
END: [mié ago 23 15:27:51 -05 2017]
 ADJUST:  TIME =   48.00  Q = 0.63  DE = -1.3E-04  E = -0.251550  RMIN = 1.0E-03  DTMIN = 4.0E-05  TC =   17  DELTA = -5.7E-05  E(3) = -0.251550  DETOT = -0.001550

running file 236
BEGIN: [mié ago 23 15:27:51 -05 2017]
END: [mié ago 23 15:28:12 -05 2017]
         END RUN   TIME = 2498.0  CPUTOT =    0.0  ERRTOT = -0.005288  DETOT = -0.002461

running file 237
BEGIN: [mié ago 23 15:28:12 -05 2017]
END: [mié ago 23 15:28:19 -05 2017]
         CALCULATIONS HALTED * * *

running file 238
BEGIN: [mié ago 23 15:28:19 -05 2017]
END: [mié ago 23 15:28:23 -05 2017]
         CALCULATIONS HALTED * * *

running file 239
BEGIN: [mié ago 23 15:28:23 -05 2017]
END: [mié ago 23 15:28:56 -05 2017]
         CALCULATIONS HALTED * * *

running file 240
BEGIN: [mié ago 23 15:28:56 -05 2017]
END: [mié ago 23 15:29:00 -05 2017]
         CALCULATIONS HALTED * * *

running file 241
BEGIN: [mié ago 23 15:29:00 -05 2017]
END: [mié ago 23 15:29:03 -05 2017]
         CALCULATIONS HALTED * * *

running file 242
BEGIN: [mié ago 23 15:29:03 -05 2017]
END: [mié ago 23 15:29:07 -05 2017]
         CALCULATIONS HALTED * * *

running file 243
BEGIN: [mié ago 23 15:29:07 -05 2017]
END: [mié ago 23 15:29:36 -05 2017]
         END RUN   TIME = 2498.0  CPUTOT =    0.0  ERRTOT = -0.001167  DETOT = -0.000848

running file 244
BEGIN: [mié ago 23 15:29:36 -05 2017]
END: [mié ago 23 15:29:40 -05 2017]
         CALCULATIONS HALTED * * *

running file 245
BEGIN: [mié ago 23 15:29:40 -05 2017]
END: [mié ago 23 15:29:44 -05 2017]
         CALCULATIONS HALTED * * *

running file 246
BEGIN: [mié ago 23 15:29:44 -05 2017]
END: [mié ago 23 15:30:40 -05 2017]
         END RUN   TIME = 2498.0  CPUTOT =    0.0  ERRTOT =  0.003633  DETOT =  0.001126

running file 247
BEGIN: [mié ago 23 15:30:40 -05 2017]
END: [mié ago 23 15:30:44 -05 2017]
         CALCULATIONS HALTED * * *

running file 248
BEGIN: [mié ago 23 15:30:44 -05 2017]
END: [mié ago 23 15:30:47 -05 2017]
         CALCULATIONS HALTED * * *

running file 249
BEGIN: [mié ago 23 15:30:47 -05 2017]
END: [mié ago 23 15:30:50 -05 2017]
         CALCULATIONS HALTED * * *

running file 250
BEGIN: [mié ago 23 15:30:50 -05 2017]
END: [mié ago 23 15:31:51 -05 2017]
         END RUN   TIME = 2498.0  CPUTOT =    0.0  ERRTOT =  0.007373  DETOT =  0.006892
[mié ago 23 15:31:51 -05 2017] End
elapsed time: 3232
all done
