Directory: VR-8
Number of good files: 34
Time steps :{199}
Particles dimensions {3, #files}: {3, 34}
End times of runs: {198, 199}

CompiledFunction::cfne: Numerical error encountered; proceeding with uncompiled evaluation.

                                 1
Power::infy: Infinite expression -- encountered.
                                 0.

Infinity::indet: Indeterminate expression 0. ComplexInfinity encountered.

                                 1
Power::infy: Infinite expression -- encountered.
                                 0.

Infinity::indet: Indeterminate expression 0. ComplexInfinity encountered.

                                 1
Power::infy: Infinite expression -- encountered.
                                 0.

General::stop: Further output of Power::infy will be suppressed during this calculation.

Infinity::indet: Indeterminate expression 0. ComplexInfinity encountered.

General::stop: Further output of Infinity::indet will be suppressed during this calculation.

CompiledFunction::cfne: Numerical error encountered; proceeding with uncompiled evaluation.

CompiledFunction::cfne: Numerical error encountered; proceeding with uncompiled evaluation.

General::stop: Further output of CompiledFunction::cfne will be suppressed during this calculation.
Directory: VR-9
Number of good files: 34
Time steps :{199}
Particles dimensions {3, #files}: {3, 34}
End times of runs: {198, 199}
Directory: VR-10
Number of good files: 34
Time steps :{199}
Particles dimensions {3, #files}: {3, 34}
End times of runs: {198, 199}
Directory: VR-11
Number of good files: 34
Time steps :{199}
Particles dimensions {3, #files}: {3, 34}
End times of runs: {198, 199}
Directory: VR-12
Number of good files: 34
Time steps :{199}
Particles dimensions {3, #files}: {3, 34}
End times of runs: {198, 199}
Directory: VR-13
Number of good files: 34
Time steps :{199}
Particles dimensions {3, #files}: {3, 34}
End times of runs: {198, 199}
Directory: VR-14
Number of good files: 34
Time steps :{199}
Particles dimensions {3, #files}: {3, 34}
End times of runs: {198, 199}
Directory: VR-15
Number of good files: 34
Time steps :{199}
Particles dimensions {3, #files}: {3, 34}
End times of runs: {198, 199}
Directory: VR-16
Number of good files: 34
Time steps :{199}
Particles dimensions {3, #files}: {3, 34}
End times of runs: {198, 199}
Directory: VR-17
Number of good files: 34
Time steps :{199}
Particles dimensions {3, #files}: {3, 34}
End times of runs: {198, 199}
Directory: VR-18
Number of good files: 34
Time steps :{199}
Particles dimensions {3, #files}: {3, 34}
End times of runs: {198, 199}
Directory: VR-19
Number of good files: 34
Time steps :{199}
Particles dimensions {3, #files}: {3, 34}
End times of runs: {198, 199}
Directory: VR-20
Number of good files: 34
Time steps :{199}
Particles dimensions {3, #files}: {3, 34}
End times of runs: {198, 199}
all done!
