[Wed Feb 12 20:45:48 PET 2020] Start

running file 501

running file 502

running file 503

running file 504

running file 505

running file 506

running file 507

running file 508

running file 509

running file 510

running file 511

running file 512

running file 513

running file 514

running file 515

running file 516

running file 517

running file 518

running file 519

running file 520

running file 521

running file 522

running file 523

running file 524

running file 525

running file 526

running file 527

running file 528

running file 529

running file 530

running file 531

running file 532

running file 533

running file 534

running file 535

running file 536

running file 537

running file 538

running file 539

running file 540

running file 541

running file 542

running file 543

running file 544

running file 545

running file 546

running file 547

running file 548

running file 549

running file 550

running file 551

running file 552

running file 553

running file 554

running file 555

running file 556

running file 557

running file 558

running file 559

running file 560

running file 561

running file 562

running file 563

running file 564

running file 565

running file 566

running file 567

running file 568

running file 569

running file 570

running file 571

running file 572

running file 573

running file 574

running file 575

running file 576

running file 577

running file 578

running file 579

running file 580

running file 581

running file 582

running file 583

running file 584

running file 585

running file 586

running file 587

running file 588

running file 589

running file 590

running file 591

running file 592

running file 593

running file 594

running file 595

running file 596

running file 597

running file 598

running file 599

running file 600

running file 601

running file 602

running file 603

running file 604

running file 605

running file 606

running file 607

running file 608

running file 609

running file 610

running file 611

running file 612

running file 613

running file 614

running file 615

running file 616

running file 617

running file 618

running file 619

running file 620

running file 621

running file 622

running file 623

running file 624

running file 625

running file 626

running file 627

running file 628

running file 629

running file 630

running file 631

running file 632

running file 633

running file 634

running file 635

running file 636

running file 637

running file 638

running file 639

running file 640

running file 641

running file 642

running file 643

running file 644

running file 645

running file 646

running file 647

running file 648

running file 649

running file 650

running file 651

running file 652

running file 653

running file 654

running file 655

running file 656

running file 657

running file 658

running file 659

running file 660

running file 661

running file 662

running file 663

running file 664

running file 665

running file 666

running file 667

running file 668

running file 669

running file 670

running file 671

running file 672

running file 673

running file 674

running file 675

running file 676

running file 677

running file 678

running file 679

running file 680

running file 681

running file 682

running file 683

running file 684

running file 685

running file 686

running file 687

running file 688

running file 689

running file 690

running file 691

running file 692

running file 693

running file 694

running file 695

running file 696

running file 697

running file 698

running file 699

running file 700

running file 701

running file 702

running file 703

running file 704

running file 705

running file 706

running file 707

running file 708

running file 709

running file 710

running file 711

running file 712

running file 713

running file 714

running file 715

running file 716

running file 717

running file 718

running file 719

running file 720

running file 721

running file 722

running file 723

running file 724

running file 725

running file 726

running file 727

running file 728

running file 729

running file 730

running file 731

running file 732

running file 733

running file 734

running file 735

running file 736

running file 737

running file 738

running file 739

running file 740

running file 741

running file 742

running file 743

running file 744

running file 745

running file 746

running file 747

running file 748

running file 749

running file 750
[Wed Feb 12 20:49:35 PET 2020] End
elapsed time: 227
all done
