[lun ene 14 15:15:03 -05 2019] Start

running file 1

running file 2

running file 3

running file 4

running file 5

running file 6

running file 7

running file 8

running file 9

running file 10

running file 11

running file 12

running file 13

running file 14

running file 15

running file 16

running file 17

running file 18

running file 19

running file 20

running file 21

running file 22

running file 23

running file 24

running file 25

running file 26

running file 27

running file 28

running file 29

running file 30

running file 31

running file 32

running file 33

running file 34

running file 35

running file 36

running file 37

running file 38

running file 39

running file 40

running file 41

running file 42

running file 43

running file 44

running file 45

running file 46

running file 47

running file 48

running file 49

running file 50

running file 51

running file 52

running file 53

running file 54

running file 55

running file 56

running file 57

running file 58

running file 59

running file 60

running file 61

running file 62

running file 63

running file 64

running file 65

running file 66

running file 67

running file 68

running file 69

running file 70

running file 71

running file 72

running file 73

running file 74

running file 75

running file 76

running file 77

running file 78

running file 79

running file 80

running file 81

running file 82

running file 83

running file 84

running file 85

running file 86

running file 87

running file 88

running file 89

running file 90

running file 91

running file 92

running file 93

running file 94

running file 95

running file 96

running file 97

running file 98

running file 99

running file 100

running file 101

running file 102

running file 103

running file 104

running file 105

running file 106

running file 107

running file 108

running file 109

running file 110

running file 111

running file 112

running file 113

running file 114

running file 115

running file 116

running file 117

running file 118

running file 119

running file 120

running file 121

running file 122

running file 123

running file 124

running file 125

running file 126

running file 127

running file 128

running file 129

running file 130

running file 131

running file 132

running file 133

running file 134

running file 135

running file 136

running file 137

running file 138

running file 139

running file 140

running file 141

running file 142

running file 143

running file 144

running file 145

running file 146

running file 147

running file 148

running file 149

running file 150

running file 151

running file 152

running file 153

running file 154

running file 155

running file 156

running file 157

running file 158

running file 159

running file 160

running file 161

running file 162

running file 163

running file 164

running file 165

running file 166

running file 167

running file 168

running file 169

running file 170

running file 171

running file 172

running file 173

running file 174

running file 175

running file 176

running file 177

running file 178

running file 179

running file 180

running file 181

running file 182

running file 183

running file 184

running file 185

running file 186

running file 187

running file 188

running file 189

running file 190

running file 191

running file 192

running file 193

running file 194

running file 195

running file 196

running file 197

running file 198

running file 199

running file 200

running file 201

running file 202

running file 203

running file 204

running file 205

running file 206

running file 207

running file 208

running file 209

running file 210

running file 211

running file 212

running file 213

running file 214

running file 215

running file 216

running file 217

running file 218

running file 219

running file 220

running file 221

running file 222

running file 223

running file 224

running file 225

running file 226

running file 227

running file 228

running file 229

running file 230

running file 231

running file 232

running file 233

running file 234

running file 235

running file 236

running file 237

running file 238

running file 239

running file 240

running file 241

running file 242

running file 243

running file 244

running file 245

running file 246

running file 247

running file 248

running file 249

running file 250
[lun ene 14 15:15:04 -05 2019] End
elapsed time: 1
all done
