[jue feb 20 12:28:41 PET 2020] Start

running file 1

running file 2

running file 3

running file 4

running file 5

running file 6

running file 7

running file 8

running file 9

running file 10

running file 11

running file 12

running file 13

running file 14

running file 15

running file 16

running file 17

running file 18

running file 19

running file 20

running file 21

running file 22

running file 23

running file 24

running file 25

running file 26

running file 27

running file 28

running file 29

running file 30

running file 31

running file 32

running file 33

running file 34

running file 35

running file 36

running file 37

running file 38

running file 39

running file 40

running file 41

running file 42

running file 43

running file 44

running file 45

running file 46

running file 47

running file 48

running file 49

running file 50

running file 51

running file 52

running file 53

running file 54

running file 55

running file 56

running file 57

running file 58

running file 59

running file 60

running file 61

running file 62

running file 63

running file 64

running file 65

running file 66

running file 67

running file 68

running file 69

running file 70

running file 71

running file 72

running file 73

running file 74

running file 75

running file 76

running file 77

running file 78

running file 79

running file 80

running file 81

running file 82

running file 83

running file 84

running file 85

running file 86

running file 87

running file 88

running file 89

running file 90

running file 91

running file 92

running file 93

running file 94

running file 95

running file 96

running file 97

running file 98

running file 99

running file 100
[jue feb 20 13:20:20 PET 2020] End
elapsed time: 3099
all done
