[mié feb 19 12:02:03 PET 2020] Start

running file 101

running file 102

running file 103

running file 104

running file 105

running file 106

running file 107

running file 108

running file 109

running file 110

running file 111

running file 112

running file 113

running file 114

running file 115

running file 116

running file 117

running file 118

running file 119

running file 120

running file 121

running file 122

running file 123

running file 124

running file 125

running file 126

running file 127

running file 128

running file 129

running file 130

running file 131

running file 132

running file 133

running file 134

running file 135

running file 136

running file 137

running file 138

running file 139

running file 140

running file 141

running file 142

running file 143

running file 144

running file 145

running file 146

running file 147

running file 148

running file 149

running file 150

running file 151

running file 152

running file 153

running file 154

running file 155

running file 156

running file 157

running file 158

running file 159

running file 160

running file 161

running file 162

running file 163

running file 164

running file 165

running file 166

running file 167

running file 168

running file 169

running file 170

running file 171

running file 172

running file 173

running file 174

running file 175

running file 176

running file 177

running file 178

running file 179

running file 180

running file 181

running file 182

running file 183

running file 184

running file 185

running file 186

running file 187

running file 188

running file 189

running file 190

running file 191

running file 192

running file 193

running file 194

running file 195

running file 196

running file 197

running file 198

running file 199

running file 200

running file 201

running file 202

running file 203

running file 204

running file 205

running file 206

running file 207

running file 208

running file 209

running file 210

running file 211

running file 212

running file 213

running file 214

running file 215

running file 216

running file 217

running file 218

running file 219

running file 220

running file 221

running file 222

running file 223

running file 224

running file 225

running file 226

running file 227

running file 228

running file 229

running file 230

running file 231

running file 232

running file 233

running file 234

running file 235

running file 236

running file 237

running file 238

running file 239

running file 240

running file 241

running file 242

running file 243

running file 244

running file 245

running file 246

running file 247

running file 248

running file 249

running file 250

running file 251

running file 252

running file 253

running file 254

running file 255

running file 256

running file 257

running file 258

running file 259

running file 260

running file 261

running file 262

running file 263

running file 264

running file 265

running file 266

running file 267

running file 268

running file 269

running file 270

running file 271

running file 272

running file 273

running file 274

running file 275

running file 276

running file 277

running file 278

running file 279

running file 280

running file 281

running file 282

running file 283

running file 284

running file 285

running file 286

running file 287

running file 288

running file 289

running file 290

running file 291

running file 292

running file 293

running file 294

running file 295

running file 296

running file 297

running file 298

running file 299

running file 300

running file 301

running file 302

running file 303

running file 304

running file 305

running file 306

running file 307

running file 308

running file 309

running file 310

running file 311

running file 312

running file 313

running file 314

running file 315

running file 316

running file 317

running file 318

running file 319

running file 320

running file 321

running file 322

running file 323

running file 324

running file 325

running file 326

running file 327

running file 328

running file 329

running file 330

running file 331

running file 332

running file 333

running file 334

running file 335

running file 336

running file 337

running file 338

running file 339

running file 340

running file 341

running file 342

running file 343

running file 344

running file 345

running file 346

running file 347

running file 348

running file 349

running file 350

running file 351

running file 352

running file 353

running file 354

running file 355

running file 356

running file 357

running file 358

running file 359

running file 360

running file 361

running file 362

running file 363

running file 364

running file 365

running file 366

running file 367

running file 368

running file 369

running file 370

running file 371

running file 372

running file 373

running file 374

running file 375

running file 376

running file 377

running file 378

running file 379

running file 380

running file 381

running file 382

running file 383

running file 384

running file 385

running file 386

running file 387

running file 388

running file 389

running file 390

running file 391

running file 392

running file 393

running file 394

running file 395

running file 396

running file 397

running file 398

running file 399

running file 400

running file 401

running file 402

running file 403

running file 404

running file 405

running file 406

running file 407

running file 408

running file 409

running file 410

running file 411

running file 412

running file 413

running file 414

running file 415

running file 416

running file 417

running file 418

running file 419

running file 420

running file 421

running file 422

running file 423

running file 424

running file 425

running file 426

running file 427

running file 428

running file 429

running file 430

running file 431

running file 432

running file 433

running file 434

running file 435

running file 436

running file 437

running file 438

running file 439

running file 440

running file 441

running file 442

running file 443

running file 444

running file 445

running file 446

running file 447

running file 448

running file 449

running file 450

running file 451

running file 452

running file 453

running file 454

running file 455

running file 456

running file 457

running file 458

running file 459

running file 460

running file 461

running file 462

running file 463

running file 464

running file 465

running file 466

running file 467

running file 468

running file 469

running file 470

running file 471

running file 472

running file 473

running file 474

running file 475

running file 476

running file 477

running file 478

running file 479

running file 480

running file 481

running file 482

running file 483

running file 484

running file 485

running file 486

running file 487

running file 488

running file 489

running file 490

running file 491

running file 492

running file 493

running file 494

running file 495

running file 496

running file 497

running file 498

running file 499

running file 500

running file 501

running file 502

running file 503

running file 504

running file 505

running file 506

running file 507

running file 508

running file 509

running file 510

running file 511

running file 512

running file 513

running file 514

running file 515

running file 516

running file 517

running file 518

running file 519

running file 520

running file 521

running file 522

running file 523

running file 524

running file 525

running file 526

running file 527

running file 528

running file 529

running file 530

running file 531

running file 532

running file 533

running file 534

running file 535

running file 536

running file 537

running file 538

running file 539

running file 540

running file 541

running file 542

running file 543

running file 544

running file 545

running file 546

running file 547

running file 548

running file 549

running file 550

running file 551

running file 552

running file 553

running file 554

running file 555

running file 556

running file 557

running file 558

running file 559

running file 560

running file 561

running file 562

running file 563

running file 564

running file 565

running file 566

running file 567

running file 568

running file 569

running file 570

running file 571

running file 572

running file 573

running file 574

running file 575

running file 576

running file 577

running file 578

running file 579

running file 580

running file 581

running file 582

running file 583

running file 584

running file 585

running file 586

running file 587

running file 588

running file 589

running file 590

running file 591

running file 592

running file 593

running file 594

running file 595

running file 596

running file 597

running file 598

running file 599

running file 600

running file 601

running file 602

running file 603

running file 604

running file 605

running file 606

running file 607

running file 608

running file 609

running file 610

running file 611

running file 612

running file 613

running file 614

running file 615

running file 616

running file 617

running file 618

running file 619

running file 620

running file 621

running file 622

running file 623

running file 624

running file 625

running file 626

running file 627

running file 628

running file 629

running file 630

running file 631

running file 632

running file 633

running file 634

running file 635

running file 636

running file 637

running file 638

running file 639

running file 640

running file 641

running file 642

running file 643

running file 644

running file 645

running file 646

running file 647

running file 648

running file 649

running file 650

running file 651

running file 652

running file 653

running file 654

running file 655

running file 656

running file 657

running file 658

running file 659

running file 660

running file 661

running file 662

running file 663

running file 664

running file 665

running file 666

running file 667

running file 668

running file 669

running file 670

running file 671

running file 672

running file 673

running file 674

running file 675

running file 676

running file 677

running file 678

running file 679

running file 680

running file 681

running file 682

running file 683

running file 684

running file 685

running file 686

running file 687

running file 688

running file 689

running file 690

running file 691

running file 692

running file 693

running file 694

running file 695

running file 696

running file 697

running file 698

running file 699

running file 700

running file 701

running file 702

running file 703

running file 704

running file 705

running file 706

running file 707

running file 708

running file 709

running file 710

running file 711

running file 712

running file 713

running file 714

running file 715

running file 716

running file 717

running file 718

running file 719

running file 720

running file 721

running file 722

running file 723

running file 724

running file 725

running file 726

running file 727

running file 728

running file 729

running file 730

running file 731

running file 732

running file 733

running file 734

running file 735

running file 736

running file 737

running file 738

running file 739

running file 740

running file 741

running file 742

running file 743

running file 744

running file 745

running file 746

running file 747

running file 748

running file 749

running file 750

running file 751

running file 752

running file 753

running file 754

running file 755

running file 756

running file 757

running file 758

running file 759

running file 760

running file 761

running file 762

running file 763

running file 764

running file 765

running file 766

running file 767

running file 768

running file 769

running file 770

running file 771

running file 772

running file 773

running file 774

running file 775

running file 776

running file 777

running file 778

running file 779

running file 780

running file 781

running file 782

running file 783

running file 784

running file 785

running file 786

running file 787

running file 788

running file 789

running file 790

running file 791

running file 792

running file 793

running file 794

running file 795

running file 796

running file 797

running file 798

running file 799

running file 800

running file 801

running file 802

running file 803

running file 804

running file 805

running file 806

running file 807

running file 808

running file 809

running file 810

running file 811

running file 812

running file 813

running file 814

running file 815

running file 816

running file 817

running file 818

running file 819

running file 820

running file 821

running file 822

running file 823

running file 824

running file 825

running file 826

running file 827

running file 828

running file 829

running file 830

running file 831

running file 832

running file 833

running file 834

running file 835

running file 836

running file 837

running file 838

running file 839

running file 840

running file 841

running file 842

running file 843

running file 844

running file 845

running file 846

running file 847

running file 848

running file 849

running file 850

running file 851

running file 852

running file 853

running file 854

running file 855

running file 856

running file 857

running file 858

running file 859

running file 860

running file 861

running file 862

running file 863

running file 864

running file 865

running file 866

running file 867

running file 868

running file 869

running file 870

running file 871

running file 872

running file 873

running file 874

running file 875

running file 876

running file 877

running file 878

running file 879

running file 880

running file 881

running file 882

running file 883

running file 884

running file 885

running file 886

running file 887

running file 888

running file 889

running file 890

running file 891

running file 892

running file 893

running file 894

running file 895

running file 896

running file 897

running file 898

running file 899

running file 900
[mié feb 19 12:21:01 PET 2020] End
elapsed time: 1138
all done
